INFO  2017-12-22 19:59:31,269 37568  (pool-1-thread-1:com.oms.order.connector.OrderConnector):
      [com.oms.order.connector.OrderConnector.processRequest(OrderConnector.java:93)] 
      REQUEST : 
 {"queueName":"INVOIC_OUT_DEV1"}

INFO  2017-12-22 19:59:32,443 38742  (pool-1-thread-1:com.oms.order.connector.OrderConnector):
      [com.oms.order.connector.OrderConnector.processRequest(OrderConnector.java:93)] 
      REQUEST : 
 {"queueName":"PICK_OUT_DEV1"}

INFO  2017-12-22 20:00:00,012 66311  (pool-1-thread-1:com.oms.order.connector.OrderConnector):
      [com.oms.order.connector.OrderConnector.processRequest(OrderConnector.java:93)] 
      REQUEST : 
 {"queueName":"INVOIC_OUT_DEV1"}

INFO  2017-12-22 20:00:00,563 66862  (pool-1-thread-1:com.oms.order.connector.OrderConnector):
      [com.oms.order.connector.OrderConnector.processRequest(OrderConnector.java:93)] 
      REQUEST : 
 {"queueName":"PICK_OUT_DEV1"}

INFO  2017-12-22 20:00:30,016 96315  (pool-1-thread-1:com.oms.order.connector.OrderConnector):
      [com.oms.order.connector.OrderConnector.processRequest(OrderConnector.java:93)] 
      REQUEST : 
 {"queueName":"INVOIC_OUT_DEV1"}

INFO  2017-12-22 20:00:30,327 96626  (pool-1-thread-1:com.oms.order.connector.OrderConnector):
      [com.oms.order.connector.OrderConnector.processRequest(OrderConnector.java:93)] 
      REQUEST : 
 {"queueName":"PICK_OUT_DEV1"}

INFO  2017-12-22 20:01:00,008 126307  (pool-1-thread-1:com.oms.order.connector.OrderConnector):
      [com.oms.order.connector.OrderConnector.processRequest(OrderConnector.java:93)] 
      REQUEST : 
 {"queueName":"PICK_OUT_DEV1"}

INFO  2017-12-22 20:01:00,439 126738  (pool-1-thread-1:com.oms.order.connector.OrderConnector):
      [com.oms.order.connector.OrderConnector.processRequest(OrderConnector.java:93)] 
      REQUEST : 
 {"queueName":"INVOIC_OUT_DEV1"}

INFO  2017-12-22 20:01:30,009 156308  (pool-1-thread-1:com.oms.order.connector.OrderConnector):
      [com.oms.order.connector.OrderConnector.processRequest(OrderConnector.java:93)] 
      REQUEST : 
 {"queueName":"INVOIC_OUT_DEV1"}

INFO  2017-12-22 20:01:30,220 156519  (pool-1-thread-1:com.oms.order.connector.OrderConnector):
      [com.oms.order.connector.OrderConnector.processRequest(OrderConnector.java:93)] 
      REQUEST : 
 {"queueName":"PICK_OUT_DEV1"}

INFO  2017-12-22 20:02:00,021 186320  (pool-1-thread-1:com.oms.order.connector.OrderConnector):
      [com.oms.order.connector.OrderConnector.processRequest(OrderConnector.java:93)] 
      REQUEST : 
 {"queueName":"INVOIC_OUT_DEV1"}

INFO  2017-12-22 20:02:00,203 186502  (pool-1-thread-1:com.oms.order.connector.OrderConnector):
      [com.oms.order.connector.OrderConnector.processRequest(OrderConnector.java:93)] 
      REQUEST : 
 {"queueName":"PICK_OUT_DEV1"}

INFO  2017-12-22 20:02:30,022 216321  (pool-1-thread-1:com.oms.order.connector.OrderConnector):
      [com.oms.order.connector.OrderConnector.processRequest(OrderConnector.java:93)] 
      REQUEST : 
 {"queueName":"INVOIC_OUT_DEV1"}

INFO  2017-12-22 20:02:30,163 216462  (pool-1-thread-1:com.oms.order.connector.OrderConnector):
      [com.oms.order.connector.OrderConnector.processRequest(OrderConnector.java:93)] 
      REQUEST : 
 {"queueName":"PICK_OUT_DEV1"}

INFO  2017-12-22 20:03:00,006 246305  (pool-1-thread-1:com.oms.order.connector.OrderConnector):
      [com.oms.order.connector.OrderConnector.processRequest(OrderConnector.java:93)] 
      REQUEST : 
 {"queueName":"INVOIC_OUT_DEV1"}

INFO  2017-12-22 20:03:00,167 246466  (pool-1-thread-1:com.oms.order.connector.OrderConnector):
      [com.oms.order.connector.OrderConnector.processRequest(OrderConnector.java:93)] 
      REQUEST : 
 {"queueName":"PICK_OUT_DEV1"}

INFO  2017-12-22 20:03:30,032 276331  (pool-1-thread-1:com.oms.order.connector.OrderConnector):
      [com.oms.order.connector.OrderConnector.processRequest(OrderConnector.java:93)] 
      REQUEST : 
 {"queueName":"PICK_OUT_DEV1"}

INFO  2017-12-22 20:03:30,178 276477  (pool-1-thread-1:com.oms.order.connector.OrderConnector):
      [com.oms.order.connector.OrderConnector.processRequest(OrderConnector.java:93)] 
      REQUEST : 
 {"queueName":"INVOIC_OUT_DEV1"}

INFO  2017-12-22 20:04:00,032 306331  (pool-1-thread-1:com.oms.order.connector.OrderConnector):
      [com.oms.order.connector.OrderConnector.processRequest(OrderConnector.java:93)] 
      REQUEST : 
 {"queueName":"PICK_OUT_DEV1"}

INFO  2017-12-22 20:04:00,351 306650  (pool-1-thread-1:com.oms.order.connector.OrderConnector):
      [com.oms.order.connector.OrderConnector.processRequest(OrderConnector.java:93)] 
      REQUEST : 
 {"queueName":"INVOIC_OUT_DEV1"}

INFO  2017-12-22 20:04:30,002 336301  (pool-1-thread-1:com.oms.order.connector.OrderConnector):
      [com.oms.order.connector.OrderConnector.processRequest(OrderConnector.java:93)] 
      REQUEST : 
 {"queueName":"INVOIC_OUT_DEV1"}

INFO  2017-12-22 20:04:30,203 336502  (pool-1-thread-1:com.oms.order.connector.OrderConnector):
      [com.oms.order.connector.OrderConnector.processRequest(OrderConnector.java:93)] 
      REQUEST : 
 {"queueName":"PICK_OUT_DEV1"}

INFO  2017-12-22 20:05:00,040 366339  (pool-1-thread-1:com.oms.order.connector.OrderConnector):
      [com.oms.order.connector.OrderConnector.processRequest(OrderConnector.java:93)] 
      REQUEST : 
 {"queueName":"PICK_OUT_DEV1"}

INFO  2017-12-22 20:05:00,172 366471  (pool-1-thread-1:com.oms.order.connector.OrderConnector):
      [com.oms.order.connector.OrderConnector.processRequest(OrderConnector.java:93)] 
      REQUEST : 
 {"queueName":"INVOIC_OUT_DEV1"}

INFO  2017-12-22 20:05:30,003 396302  (pool-1-thread-1:com.oms.order.connector.OrderConnector):
      [com.oms.order.connector.OrderConnector.processRequest(OrderConnector.java:93)] 
      REQUEST : 
 {"queueName":"INVOIC_OUT_DEV1"}

INFO  2017-12-22 20:05:30,524 396823  (pool-1-thread-1:com.oms.order.connector.OrderConnector):
      [com.oms.order.connector.OrderConnector.processRequest(OrderConnector.java:93)] 
      REQUEST : 
 {"queueName":"PICK_OUT_DEV1"}

INFO  2017-12-22 20:06:00,016 426315  (pool-1-thread-1:com.oms.order.connector.OrderConnector):
      [com.oms.order.connector.OrderConnector.processRequest(OrderConnector.java:93)] 
      REQUEST : 
 {"queueName":"PICK_OUT_DEV1"}

INFO  2017-12-22 20:06:00,107 426406  (pool-1-thread-1:com.oms.order.connector.OrderConnector):
      [com.oms.order.connector.OrderConnector.processRequest(OrderConnector.java:93)] 
      REQUEST : 
 {"queueName":"INVOIC_OUT_DEV1"}

INFO  2017-12-22 20:06:30,009 456308  (pool-1-thread-1:com.oms.order.connector.OrderConnector):
      [com.oms.order.connector.OrderConnector.processRequest(OrderConnector.java:93)] 
      REQUEST : 
 {"queueName":"INVOIC_OUT_DEV1"}

INFO  2017-12-22 20:06:30,070 456369  (pool-1-thread-1:com.oms.order.connector.OrderConnector):
      [com.oms.order.connector.OrderConnector.processRequest(OrderConnector.java:93)] 
      REQUEST : 
 {"queueName":"PICK_OUT_DEV1"}

INFO  2017-12-22 20:07:00,019 486318  (pool-1-thread-1:com.oms.order.connector.OrderConnector):
      [com.oms.order.connector.OrderConnector.processRequest(OrderConnector.java:93)] 
      REQUEST : 
 {"queueName":"PICK_OUT_DEV1"}

INFO  2017-12-22 20:07:00,370 486669  (pool-1-thread-1:com.oms.order.connector.OrderConnector):
      [com.oms.order.connector.OrderConnector.processRequest(OrderConnector.java:93)] 
      REQUEST : 
 {"queueName":"INVOIC_OUT_DEV1"}

INFO  2017-12-22 20:07:30,031 516330  (pool-1-thread-1:com.oms.order.connector.OrderConnector):
      [com.oms.order.connector.OrderConnector.processRequest(OrderConnector.java:93)] 
      REQUEST : 
 {"queueName":"INVOIC_OUT_DEV1"}

INFO  2017-12-22 20:07:30,082 516381  (pool-1-thread-1:com.oms.order.connector.OrderConnector):
      [com.oms.order.connector.OrderConnector.processRequest(OrderConnector.java:93)] 
      REQUEST : 
 {"queueName":"PICK_OUT_DEV1"}

INFO  2017-12-22 20:08:00,010 546309  (pool-1-thread-1:com.oms.order.connector.OrderConnector):
      [com.oms.order.connector.OrderConnector.processRequest(OrderConnector.java:93)] 
      REQUEST : 
 {"queueName":"PICK_OUT_DEV1"}

INFO  2017-12-22 20:08:00,061 546360  (pool-1-thread-1:com.oms.order.connector.OrderConnector):
      [com.oms.order.connector.OrderConnector.processRequest(OrderConnector.java:93)] 
      REQUEST : 
 {"queueName":"INVOIC_OUT_DEV1"}

INFO  2017-12-22 20:08:30,007 576306  (pool-1-thread-1:com.oms.order.connector.OrderConnector):
      [com.oms.order.connector.OrderConnector.processRequest(OrderConnector.java:93)] 
      REQUEST : 
 {"queueName":"INVOIC_OUT_DEV1"}

INFO  2017-12-22 20:08:30,077 576376  (pool-1-thread-1:com.oms.order.connector.OrderConnector):
      [com.oms.order.connector.OrderConnector.processRequest(OrderConnector.java:93)] 
      REQUEST : 
 {"queueName":"PICK_OUT_DEV1"}

INFO  2017-12-22 20:09:00,022 606321  (pool-1-thread-1:com.oms.order.connector.OrderConnector):
      [com.oms.order.connector.OrderConnector.processRequest(OrderConnector.java:93)] 
      REQUEST : 
 {"queueName":"INVOIC_OUT_DEV1"}

INFO  2017-12-22 20:09:00,062 606361  (pool-1-thread-1:com.oms.order.connector.OrderConnector):
      [com.oms.order.connector.OrderConnector.processRequest(OrderConnector.java:93)] 
      REQUEST : 
 {"queueName":"PICK_OUT_DEV1"}

INFO  2017-12-22 20:09:30,020 636319  (pool-1-thread-1:com.oms.order.connector.OrderConnector):
      [com.oms.order.connector.OrderConnector.processRequest(OrderConnector.java:93)] 
      REQUEST : 
 {"queueName":"INVOIC_OUT_DEV1"}

INFO  2017-12-22 20:09:30,081 636380  (pool-1-thread-1:com.oms.order.connector.OrderConnector):
      [com.oms.order.connector.OrderConnector.processRequest(OrderConnector.java:93)] 
      REQUEST : 
 {"queueName":"PICK_OUT_DEV1"}

INFO  2017-12-22 20:10:00,015 666314  (pool-1-thread-1:com.oms.order.connector.OrderConnector):
      [com.oms.order.connector.OrderConnector.processRequest(OrderConnector.java:93)] 
      REQUEST : 
 {"queueName":"INVOIC_OUT_DEV1"}

INFO  2017-12-22 20:10:00,055 666354  (pool-1-thread-1:com.oms.order.connector.OrderConnector):
      [com.oms.order.connector.OrderConnector.processRequest(OrderConnector.java:93)] 
      REQUEST : 
 {"queueName":"PICK_OUT_DEV1"}

INFO  2017-12-22 20:10:30,017 696316  (pool-1-thread-1:com.oms.order.connector.OrderConnector):
      [com.oms.order.connector.OrderConnector.processRequest(OrderConnector.java:93)] 
      REQUEST : 
 {"queueName":"PICK_OUT_DEV1"}

INFO  2017-12-22 20:10:30,110 696409  (pool-1-thread-1:com.oms.order.connector.OrderConnector):
      [com.oms.order.connector.OrderConnector.processRequest(OrderConnector.java:93)] 
      REQUEST : 
 {"queueName":"INVOIC_OUT_DEV1"}

INFO  2017-12-22 20:11:00,006 726305  (pool-1-thread-1:com.oms.order.connector.OrderConnector):
      [com.oms.order.connector.OrderConnector.processRequest(OrderConnector.java:93)] 
      REQUEST : 
 {"queueName":"INVOIC_OUT_DEV1"}

INFO  2017-12-22 20:11:00,067 726366  (pool-1-thread-1:com.oms.order.connector.OrderConnector):
      [com.oms.order.connector.OrderConnector.processRequest(OrderConnector.java:93)] 
      REQUEST : 
 {"queueName":"PICK_OUT_DEV1"}

INFO  2017-12-22 20:11:30,006 756305  (pool-1-thread-1:com.oms.order.connector.OrderConnector):
      [com.oms.order.connector.OrderConnector.processRequest(OrderConnector.java:93)] 
      REQUEST : 
 {"queueName":"PICK_OUT_DEV1"}

INFO  2017-12-22 20:11:30,077 756376  (pool-1-thread-1:com.oms.order.connector.OrderConnector):
      [com.oms.order.connector.OrderConnector.processRequest(OrderConnector.java:93)] 
      REQUEST : 
 {"queueName":"INVOIC_OUT_DEV1"}

INFO  2017-12-22 20:12:00,024 786323  (pool-1-thread-1:com.oms.order.connector.OrderConnector):
      [com.oms.order.connector.OrderConnector.processRequest(OrderConnector.java:93)] 
      REQUEST : 
 {"queueName":"INVOIC_OUT_DEV1"}

INFO  2017-12-22 20:12:00,095 786394  (pool-1-thread-1:com.oms.order.connector.OrderConnector):
      [com.oms.order.connector.OrderConnector.processRequest(OrderConnector.java:93)] 
      REQUEST : 
 {"queueName":"PICK_OUT_DEV1"}

INFO  2017-12-22 20:12:30,026 816325  (pool-1-thread-1:com.oms.order.connector.OrderConnector):
      [com.oms.order.connector.OrderConnector.processRequest(OrderConnector.java:93)] 
      REQUEST : 
 {"queueName":"PICK_OUT_DEV1"}

INFO  2017-12-22 20:12:30,076 816375  (pool-1-thread-1:com.oms.order.connector.OrderConnector):
      [com.oms.order.connector.OrderConnector.processRequest(OrderConnector.java:93)] 
      REQUEST : 
 {"queueName":"INVOIC_OUT_DEV1"}

INFO  2017-12-22 20:13:00,028 846327  (pool-1-thread-1:com.oms.order.connector.OrderConnector):
      [com.oms.order.connector.OrderConnector.processRequest(OrderConnector.java:93)] 
      REQUEST : 
 {"queueName":"PICK_OUT_DEV1"}

INFO  2017-12-22 20:13:00,069 846368  (pool-1-thread-1:com.oms.order.connector.OrderConnector):
      [com.oms.order.connector.OrderConnector.processRequest(OrderConnector.java:93)] 
      REQUEST : 
 {"queueName":"INVOIC_OUT_DEV1"}

INFO  2017-12-22 20:13:30,020 876319  (pool-1-thread-1:com.oms.order.connector.OrderConnector):
      [com.oms.order.connector.OrderConnector.processRequest(OrderConnector.java:93)] 
      REQUEST : 
 {"queueName":"PICK_OUT_DEV1"}

INFO  2017-12-22 20:13:30,071 876370  (pool-1-thread-1:com.oms.order.connector.OrderConnector):
      [com.oms.order.connector.OrderConnector.processRequest(OrderConnector.java:93)] 
      REQUEST : 
 {"queueName":"INVOIC_OUT_DEV1"}

INFO  2017-12-22 20:14:00,006 906305  (pool-1-thread-1:com.oms.order.connector.OrderConnector):
      [com.oms.order.connector.OrderConnector.processRequest(OrderConnector.java:93)] 
      REQUEST : 
 {"queueName":"INVOIC_OUT_DEV1"}

INFO  2017-12-22 20:14:00,087 906386  (pool-1-thread-1:com.oms.order.connector.OrderConnector):
      [com.oms.order.connector.OrderConnector.processRequest(OrderConnector.java:93)] 
      REQUEST : 
 {"queueName":"PICK_OUT_DEV1"}

INFO  2017-12-22 20:14:30,011 936310  (pool-1-thread-1:com.oms.order.connector.OrderConnector):
      [com.oms.order.connector.OrderConnector.processRequest(OrderConnector.java:93)] 
      REQUEST : 
 {"queueName":"INVOIC_OUT_DEV1"}

INFO  2017-12-22 20:14:30,052 936351  (pool-1-thread-1:com.oms.order.connector.OrderConnector):
      [com.oms.order.connector.OrderConnector.processRequest(OrderConnector.java:93)] 
      REQUEST : 
 {"queueName":"PICK_OUT_DEV1"}

INFO  2017-12-22 20:15:00,009 966308  (pool-1-thread-1:com.oms.order.connector.OrderConnector):
      [com.oms.order.connector.OrderConnector.processRequest(OrderConnector.java:93)] 
      REQUEST : 
 {"queueName":"INVOIC_OUT_DEV1"}

INFO  2017-12-22 20:15:00,163 966462  (pool-1-thread-1:com.oms.order.connector.OrderConnector):
      [com.oms.order.connector.OrderConnector.processRequest(OrderConnector.java:93)] 
      REQUEST : 
 {"queueName":"PICK_OUT_DEV1"}

INFO  2017-12-22 20:15:30,016 996315  (pool-1-thread-1:com.oms.order.connector.OrderConnector):
      [com.oms.order.connector.OrderConnector.processRequest(OrderConnector.java:93)] 
      REQUEST : 
 {"queueName":"INVOIC_OUT_DEV1"}

INFO  2017-12-22 20:15:30,089 996388  (pool-1-thread-1:com.oms.order.connector.OrderConnector):
      [com.oms.order.connector.OrderConnector.processRequest(OrderConnector.java:93)] 
      REQUEST : 
 {"queueName":"PICK_OUT_DEV1"}

